IFW Version: 4.7.0, built with Qt 6.6.0.
Build date: Feb 15 2024
Installer Framework SHA1: fad83b7a8ba6a9e3179236d11bba0ceb9b3de5b4
[0] Arguments: ./trik-studio-offline-linux-gnu64-installer-2023.1-6-gd06676.run, -dd
[0] Resource tree:
[0]      :/uninstall.png
[0]      :/installer.png
[0]      :/installer.ico
[0]      :/keepinstalled.png
[0]      :/installer.icns
[0]      :/install.png
[0]      :/keepuninstalled.png
[0]      :/qpdf
[0]      :/qpdf/qpdfa_metadata.xml
[0]      :/qpdf/sRGB2014.icc
[4] Operations sanity check succeeded.
[4] Warning: Could not load IFW translation for language "English"
[4] Using metadata cache from "/home/ntyrreuir/.cache/qt-installer-framework/f9bc0262-152c-3eb5-a9c8-2a318bd7d544"
[4] Found 0 cached items.
[4] Language: en-US
[77] Loaded control script ":/metadata/installer-config/___controlScript_qs.qs"
[77] Using control script: ":/metadata/installer-config/___controlScript_qs.qs"
[2413] Fetching latest update information...
[2419] Url is: "://metadata/"
[2422] Loading component scripts...
[2480] Warning: Component ru.qreal.root.trik.core contains data to be installed while having child components. This may not work properly.
[2480] Warning: Component ru.qreal.root.trik.core specifies "Default" property while not being a leaf node. The "Default" property will get a "false" value.
[2480] Warning: Component ru.qreal.root.trik.core specifies "Default" property while being not checkable. The "Default" property will get a "false" value.
[2480] Warning: Other components depend on component ru.qreal.root.trik.core which has child components. This will not work properly.
[2480] Warning: Component ru.qreal.root contains data to be installed while having child components. This may not work properly.
[2480] Warning: Component ru.qreal.root.ev3 contains data to be installed while having child components. This may not work properly.
[2480] Warning: Component ru.qreal.root.ev3 specifies "Default" property while not being a leaf node. The "Default" property will get a "false" value.
[2480] Warning: Component ru.qreal.root.pioneer contains data to be installed while having child components. This may not work properly.
[2480] Warning: Component ru.qreal.root.pioneer specifies "Default" property while not being a leaf node. The "Default" property will get a "false" value.
[2480] Warning: Component ru.qreal.root.trik.core.v62 specifies "Default" property while being not checkable. The "Default" property will get a "false" value.
[2484] Control script callback "DynamicTargetWidgetCallback" does not exist.
[3483] Control script callback "ComponentSelectionPageCallback" does not exist.
[4175] Loading component scripts...
[4194] Control script callback "LicenseAgreementPageCallback" does not exist.
[5757] Selected components without dependencies:
ru.qreal.root 
ru.qreal.root.trik_studio_kernel 
ru.qreal.root.trik 
ru.qreal.root.ev3 
ru.qreal.root.pioneer 
ru.qreal.root.languages 
ru.qreal.root.associations 
ru.qreal.root.desktop_shortcut 
ru.qreal.root.trik.core 
ru.qreal.root.trik.examples 
ru.qreal.root.trik.gamepad 
ru.qreal.root.trik.core.v62 
ru.qreal.root.ev3.examples 
ru.qreal.root.pioneer.examples 
ru.qreal.root.languages.french 
ru.qreal.root.languages.russian 
Components that have resolved dependencies:
ru.qreal.root.trik.python
[5762] Installation space required: "756.07 MB" Temporary space required: "256.00 MB" Local repository size: "0.00 bytes"
[5767] Cache and install directories are on the same volume. Volume mount point: "/" Free space available: "9.58 GB"
[5767] Control script callback "ReadyForInstallationPageCallback" does not exist.
[6502] Control script callback "PerformInstallationPageCallback" does not exist.
[6533] perform  operation: Execute
[6533] 	- arguments: /home/ntyrreuir/TRIKStudio//maintenance
[6534] /home/ntyrreuir/TRIKStudio//maintenance" started, arguments: "
[6571] [6] Warning: Cannot initialize cache: Cannot obtain the lock for file \\\"/home/ntyrreuir/.cache/qt-installer-framework/f9bc0262-152c-3eb5-a9c8-2a318bd7d544/cache.lock\\\": Resource temporarily unavailable\n
[13478] Warning: qt.qpa.plugin: Could not find the Qt platform plugin "wayland" in ""
qt.dbus.integration: Could not connect "org.freedesktop.NetworkManager" to "stateChanged"
qt.dbus.integration: Could not connect "org.freedesktop.NetworkManager" to "connectivityChanged"
qt.dbus.integration: Could not connect "org.freedesktop.NetworkManager" to "deviceTypeChanged"
qt.dbus.integration: Could not connect "org.freedesktop.NetworkManager" to "meteredChanged"

[13478] Done
[13479] backup  operation: Mkdir
[13479] 	- arguments: /home/ntyrreuir/TRIKStudio
[13479] Done
[13479] perform  operation: Mkdir
[13479] 	- arguments: /home/ntyrreuir/TRIKStudio
[13479] Done
[13479] Preparing the installation...
[13480] Install size: 17 components
[13492] Preparing to unpack components...
[13494] backup ru.qreal.root.trik_studio_kernel concurrent operation: Extract
[13494] 	- arguments: installer://ru.qreal.root.trik_studio_kernel/2023.1-6-06676resources.7z, /home/ntyrreuir/TRIKStudio/
[13494] Started
[13494] backup ru.qreal.root.trik.core concurrent operation: Extract
[13494] 	- arguments: installer://ru.qreal.root.trik.core/2023.1-6-06676lib.7z, /home/ntyrreuir/TRIKStudio/
[13494] Started
[13494] backup ru.qreal.root.trik_studio_kernel concurrent operation: Extract
[13494] 	- arguments: installer://ru.qreal.root.trik_studio_kernel/2023.1-6-06676bin.7z, /home/ntyrreuir/TRIKStudio/
[13494] Started
[13494] backup ru.qreal.root.trik.examples concurrent operation: Extract
[13494] 	- arguments: installer://ru.qreal.root.trik.examples/2023.1-6-06676resources.7z, /home/ntyrreuir/TRIKStudio/
[13494] Started
[13494] backup ru.qreal.root concurrent operation: Extract
[13494] 	- arguments: installer://ru.qreal.root/2023.1-6-06676content.7z, /home/ntyrreuir/TRIKStudio/
[13494] Started
[13494] backup ru.qreal.root concurrent operation: Extract
[13494] 	- arguments: installer://ru.qreal.root/2023.1-6-06676resources.7z, /home/ntyrreuir/TRIKStudio/
[13494] Started
[13494] backup ru.qreal.root.ev3 concurrent operation: Extract
[13494] 	- arguments: installer://ru.qreal.root.ev3/2023.1-6-06676lib.7z, /home/ntyrreuir/TRIKStudio/
[13494] Started
[13494] backup ru.qreal.root concurrent operation: Extract
[13494] 	- arguments: installer://ru.qreal.root/2023.1-6-06676bin.7z, /home/ntyrreuir/TRIKStudio/
[13494] Started
[13494] backup ru.qreal.root.pioneer concurrent operation: Extract
[13494] 	- arguments: installer://ru.qreal.root.pioneer/2023.1-6-06676lib.7z, /home/ntyrreuir/TRIKStudio/
[13494] Started
[13494] backup ru.qreal.root concurrent operation: Extract
[13494] 	- arguments: installer://ru.qreal.root/2023.1-6-06676lib.7z, /home/ntyrreuir/TRIKStudio/
[13494] Started
[13494] backup ru.qreal.root.trik_studio_kernel concurrent operation: Extract
[13494] 	- arguments: installer://ru.qreal.root.trik_studio_kernel/2023.1-6-06676lib.7z, /home/ntyrreuir/TRIKStudio/
[13494] Started
[13494] backup ru.qreal.root.trik.core concurrent operation: Extract
[13494] 	- arguments: installer://ru.qreal.root.trik.core/2023.1-6-06676bin.7z, /home/ntyrreuir/TRIKStudio/
[13494] Started
[13494] backup ru.qreal.root.trik.gamepad concurrent operation: Extract
[13494] 	- arguments: installer://ru.qreal.root.trik.gamepad/2023.1-6-06676bin.7z, /home/ntyrreuir/TRIKStudio/
[13494] Started
[13496] backup ru.qreal.root.trik.gamepad concurrent operation: Extract
[13496] 	- arguments: installer://ru.qreal.root.trik.gamepad/2023.1-6-06676lib.7z, /home/ntyrreuir/TRIKStudio/
[13496] Started
[13497] backup ru.qreal.root.trik.core.v62 concurrent operation: Extract
[13497] 	- arguments: installer://ru.qreal.root.trik.core.v62/2023.1-6-06676lib.7z, /home/ntyrreuir/TRIKStudio/
[13497] Started
[13498] backup ru.qreal.root.ev3.examples concurrent operation: Extract
[13498] 	- arguments: installer://ru.qreal.root.ev3.examples/2023.1-6-06676resources.7z, /home/ntyrreuir/TRIKStudio/
[13498] Started
[13498] backup ru.qreal.root.pioneer.examples concurrent operation: Extract
[13498] 	- arguments: installer://ru.qreal.root.pioneer.examples/2023.1-6-06676resources.7z, /home/ntyrreuir/TRIKStudio/
[13498] Started
[13498] backup ru.qreal.root.languages.french concurrent operation: Extract
[13498] 	- arguments: installer://ru.qreal.root.languages.french/2023.1-6-06676resources.7z, /home/ntyrreuir/TRIKStudio/
[13498] Started
[13499] backup ru.qreal.root.languages.russian concurrent operation: Extract
[13499] 	- arguments: installer://ru.qreal.root.languages.russian/2023.1-6-06676resources.7z, /home/ntyrreuir/TRIKStudio/
[13499] Started
[13502] backup ru.qreal.root.trik.python concurrent operation: Extract
[13502] 	- arguments: installer://ru.qreal.root.trik.python/2023.1-6-06676lib.7z, /home/ntyrreuir/TRIKStudio/
[13502] Started
[16026] Unpacking components...
[16027] perform ru.qreal.root concurrent operation: Extract
[16027] 	- arguments: installer://ru.qreal.root/2023.1-6-06676lib.7z, /home/ntyrreuir/TRIKStudio/
[16027] Started
[16027] perform ru.qreal.root.trik.core concurrent operation: Extract
[16027] 	- arguments: installer://ru.qreal.root.trik.core/2023.1-6-06676lib.7z, /home/ntyrreuir/TRIKStudio/
[16027] Started
[16027] perform ru.qreal.root.trik_studio_kernel concurrent operation: Extract
[16027] 	- arguments: installer://ru.qreal.root.trik_studio_kernel/2023.1-6-06676lib.7z, /home/ntyrreuir/TRIKStudio/
[16027] Started
[16027] perform ru.qreal.root.trik_studio_kernel concurrent operation: Extract
[16027] 	- arguments: installer://ru.qreal.root.trik_studio_kernel/2023.1-6-06676resources.7z, /home/ntyrreuir/TRIKStudio/
[16027] Started
[16028] perform ru.qreal.root concurrent operation: Extract
[16028] 	- arguments: installer://ru.qreal.root/2023.1-6-06676bin.7z, /home/ntyrreuir/TRIKStudio/
[16028] Started
[16028] perform ru.qreal.root.ev3 concurrent operation: Extract
[16028] 	- arguments: installer://ru.qreal.root.ev3/2023.1-6-06676lib.7z, /home/ntyrreuir/TRIKStudio/
[16028] Started
[16028] perform ru.qreal.root.trik.examples concurrent operation: Extract
[16028] 	- arguments: installer://ru.qreal.root.trik.examples/2023.1-6-06676resources.7z, /home/ntyrreuir/TRIKStudio/
[16028] Started
[16028] perform ru.qreal.root.pioneer concurrent operation: Extract
[16028] 	- arguments: installer://ru.qreal.root.pioneer/2023.1-6-06676lib.7z, /home/ntyrreuir/TRIKStudio/
[16028] Started
[16028] perform ru.qreal.root.trik.core concurrent operation: Extract
[16028] 	- arguments: installer://ru.qreal.root.trik.core/2023.1-6-06676bin.7z, /home/ntyrreuir/TRIKStudio/
[16028] Started
[16028] perform ru.qreal.root.trik.gamepad concurrent operation: Extract
[16028] 	- arguments: installer://ru.qreal.root.trik.gamepad/2023.1-6-06676bin.7z, /home/ntyrreuir/TRIKStudio/
[16028] Started
[16028] perform ru.qreal.root.trik.python concurrent operation: Extract
[16028] 	- arguments: installer://ru.qreal.root.trik.python/2023.1-6-06676lib.7z, /home/ntyrreuir/TRIKStudio/
[16028] Started
[16030] perform ru.qreal.root.pioneer.examples concurrent operation: Extract
[16030] 	- arguments: installer://ru.qreal.root.pioneer.examples/2023.1-6-06676resources.7z, /home/ntyrreuir/TRIKStudio/
[16030] Started
[16061] perform ru.qreal.root.ev3.examples concurrent operation: Extract
[16061] 	- arguments: installer://ru.qreal.root.ev3.examples/2023.1-6-06676resources.7z, /home/ntyrreuir/TRIKStudio/
[16061] Started
[16061] perform ru.qreal.root.trik.gamepad concurrent operation: Extract
[16061] 	- arguments: installer://ru.qreal.root.trik.gamepad/2023.1-6-06676lib.7z, /home/ntyrreuir/TRIKStudio/
[16061] Started
[16072] perform ru.qreal.root.trik.core.v62 concurrent operation: Extract
[16072] 	- arguments: installer://ru.qreal.root.trik.core.v62/2023.1-6-06676lib.7z, /home/ntyrreuir/TRIKStudio/
[16072] Started
[16080] perform ru.qreal.root.languages.russian concurrent operation: Extract
[16080] 	- arguments: installer://ru.qreal.root.languages.russian/2023.1-6-06676resources.7z, /home/ntyrreuir/TRIKStudio/
[16080] Started
[16082] perform ru.qreal.root.languages.french concurrent operation: Extract
[16082] 	- arguments: installer://ru.qreal.root.languages.french/2023.1-6-06676resources.7z, /home/ntyrreuir/TRIKStudio/
[16082] Started
[16083] perform ru.qreal.root concurrent operation: Extract
[16083] 	- arguments: installer://ru.qreal.root/2023.1-6-06676resources.7z, /home/ntyrreuir/TRIKStudio/
[16083] Started
[16090] perform ru.qreal.root.trik_studio_kernel concurrent operation: Extract
[16091] 	- arguments: installer://ru.qreal.root.trik_studio_kernel/2023.1-6-06676bin.7z, /home/ntyrreuir/TRIKStudio/
[16091] Started
[16094] perform ru.qreal.root concurrent operation: Extract
[16094] 	- arguments: installer://ru.qreal.root/2023.1-6-06676content.7z, /home/ntyrreuir/TRIKStudio/
[16094] Started
[19014] Installing component TRIK Studio
[19015] backup ru.qreal.root operation: Execute
[19015] 	- arguments: bash, -c, LD_LIBRARY_PATH=/home/ntyrreuir/TRIKStudio/ /home/ntyrreuir/TRIKStudio//trik-studio --platform minimal --clear-conf
[19015] Done
[19015] perform ru.qreal.root operation: Execute
[19016] 	- arguments: bash, -c, LD_LIBRARY_PATH=/home/ntyrreuir/TRIKStudio/ /home/ntyrreuir/TRIKStudio//trik-studio --platform minimal --clear-conf
[19016] bash" started, arguments: "-c LD_LIBRARY_PATH=/home/ntyrreuir/TRIKStudio/ /home/ntyrreuir/TRIKStudio//trik-studio --platform minimal --clear-conf
[19082] Warning: Warning: Ignoring XDG_SESSION_TYPE=wayland on Gnome. Use QT_QPA_PLATFORM=wayland to run on Wayland anyway.

[19082] Done
[19082] backup ru.qreal.root operation: License
[19082] 	- arguments:
[19082] Done
[19082] perform ru.qreal.root operation: License
[19082] 	- arguments:
[19083] Done
[19084] Installing component Kernel components
[19086] backup ru.qreal.root.trik_studio_kernel operation: License
[19086] 	- arguments:
[19086] Done
[19087] perform ru.qreal.root.trik_studio_kernel operation: License
[19087] 	- arguments:
[19087] Done
[19090] Installing component Lego EV3 Support
[19092] backup ru.qreal.root.ev3 operation: License
[19092] 	- arguments:
[19092] Done
[19092] perform ru.qreal.root.ev3 operation: License
[19092] 	- arguments:
[19092] Done
[19099] Installing component Core TRIK support components
[19102] backup ru.qreal.root.trik.core operation: License
[19102] 	- arguments:
[19102] Done
[19103] perform ru.qreal.root.trik.core operation: License
[19103] 	- arguments:
[19103] Done
[19120] Writing maintenance tool: "/home/ntyrreuir/TRIKStudio//maintenance.new"
[19121] Writing maintenance tool.
[19256] Wrote permissions for maintenance tool.
[19272] Maintenance tool hard restart: false.
[19273] Installation finished!
[22057] Control script callback "FinishedPageCallback" does not exist.
[23234] starting "bash" QList("/home/ntyrreuir/TRIKStudio//trik-studio")
