IFW Version: 4.7.0, built with Qt 6.6.0.
Build date: Feb 15 2024
Installer Framework SHA1: fad83b7a8ba6a9e3179236d11bba0ceb9b3de5b4
[0] Arguments: ./trik-studio-offline-linux-gnu64-installer-2023.1-6-gd06676.run, -dd
[0] Resource tree:
[0]      :/uninstall.png
[0]      :/installer.png
[0]      :/installer.ico
[0]      :/keepinstalled.png
[0]      :/installer.icns
[0]      :/install.png
[0]      :/keepuninstalled.png
[0]      :/qpdf
[0]      :/qpdf/qpdfa_metadata.xml
[0]      :/qpdf/sRGB2014.icc
[1] Operations sanity check succeeded.
[1] Warning: Could not load IFW translation for language "English"
[1] Using metadata cache from "/home/ntyrreuir/.cache/qt-installer-framework/f9bc0262-152c-3eb5-a9c8-2a318bd7d544"
[1] Found 0 cached items.
[1] Language: en-US
[28] Loaded control script ":/metadata/installer-config/___controlScript_qs.qs"
[28] Using control script: ":/metadata/installer-config/___controlScript_qs.qs"
[2628] Fetching latest update information...
[2634] Url is: "://metadata/"
[2641] Loading component scripts...
[2651] Warning: :75:37 Variable "Dir" is used before its declaration at 107:5.
[2657] Warning: Component ru.qreal.root.trik.core contains data to be installed while having child components. This may not work properly.
[2657] Warning: Component ru.qreal.root.trik.core specifies "Default" property while not being a leaf node. The "Default" property will get a "false" value.
[2657] Warning: Component ru.qreal.root.trik.core specifies "Default" property while being not checkable. The "Default" property will get a "false" value.
[2657] Warning: Other components depend on component ru.qreal.root.trik.core which has child components. This will not work properly.
[2657] Warning: Component ru.qreal.root.pioneer contains data to be installed while having child components. This may not work properly.
[2657] Warning: Component ru.qreal.root.pioneer specifies "Default" property while not being a leaf node. The "Default" property will get a "false" value.
[2657] Warning: Component ru.qreal.root.ev3 contains data to be installed while having child components. This may not work properly.
[2657] Warning: Component ru.qreal.root.ev3 specifies "Default" property while not being a leaf node. The "Default" property will get a "false" value.
[2657] Warning: Component ru.qreal.root.trik.core.v62 specifies "Default" property while being not checkable. The "Default" property will get a "false" value.
[2658] Warning: Component ru.qreal.root contains data to be installed while having child components. This may not work properly.
[2660] Control script callback "DynamicTargetWidgetCallback" does not exist.
[4217] Control script callback "ComponentSelectionPageCallback" does not exist.
[4749] Loading component scripts...
[4761] Control script callback "LicenseAgreementPageCallback" does not exist.
[7167] Selected components without dependencies:
ru.qreal.root 
ru.qreal.root.trik_studio_kernel 
ru.qreal.root.trik 
ru.qreal.root.ev3 
ru.qreal.root.pioneer 
ru.qreal.root.languages 
ru.qreal.root.associations 
ru.qreal.root.desktop_shortcut 
ru.qreal.root.trik.core 
ru.qreal.root.trik.examples 
ru.qreal.root.trik.gamepad 
ru.qreal.root.trik.core.v62 
ru.qreal.root.ev3.examples 
ru.qreal.root.pioneer.examples 
ru.qreal.root.languages.french 
ru.qreal.root.languages.russian 
Components that have resolved dependencies:
ru.qreal.root.trik.python
[7172] Installation space required: "756.07 MB" Temporary space required: "256.00 MB" Local repository size: "0.00 bytes"
[7174] Cache and install directories are on the same volume. Volume mount point: "/" Free space available: "10.07 GB"
[7175] Control script callback "ReadyForInstallationPageCallback" does not exist.
[7768] Control script callback "PerformInstallationPageCallback" does not exist.
[7799] backup  operation: Mkdir
[7799] 	- arguments: /home/ntyrreuir/TRIKStudio
[7799] Done
[7799] perform  operation: Mkdir
[7799] 	- arguments: /home/ntyrreuir/TRIKStudio
[7799] Done
[7800] Preparing the installation...
[7800] Install size: 17 components
[7808] Preparing to unpack components...
[7809] backup ru.qreal.root concurrent operation: Extract
[7809] 	- arguments: installer://ru.qreal.root/2023.1-6-06676content.7z, /home/ntyrreuir/TRIKStudio/
[7809] Started
[7809] backup ru.qreal.root.trik_studio_kernel concurrent operation: Extract
[7809] 	- arguments: installer://ru.qreal.root.trik_studio_kernel/2023.1-6-06676lib.7z, /home/ntyrreuir/TRIKStudio/
[7809] Started
[7809] backup ru.qreal.root.trik.examples concurrent operation: Extract
[7809] 	- arguments: installer://ru.qreal.root.trik.examples/2023.1-6-06676resources.7z, /home/ntyrreuir/TRIKStudio/
[7809] Started
[7809] backup ru.qreal.root.trik.gamepad concurrent operation: Extract
[7809] 	- arguments: installer://ru.qreal.root.trik.gamepad/2023.1-6-06676bin.7z, /home/ntyrreuir/TRIKStudio/
[7809] Started
[7809] backup ru.qreal.root concurrent operation: Extract
[7809] 	- arguments: installer://ru.qreal.root/2023.1-6-06676lib.7z, /home/ntyrreuir/TRIKStudio/
[7809] Started
[7809] backup ru.qreal.root.trik_studio_kernel concurrent operation: Extract
[7809] 	- arguments: installer://ru.qreal.root.trik_studio_kernel/2023.1-6-06676resources.7z, /home/ntyrreuir/TRIKStudio/
[7809] Started
[7809] backup ru.qreal.root.trik_studio_kernel concurrent operation: Extract
[7809] 	- arguments: installer://ru.qreal.root.trik_studio_kernel/2023.1-6-06676bin.7z, /home/ntyrreuir/TRIKStudio/
[7809] Started
[7809] backup ru.qreal.root.pioneer concurrent operation: Extract
[7809] 	- arguments: installer://ru.qreal.root.pioneer/2023.1-6-06676lib.7z, /home/ntyrreuir/TRIKStudio/
[7809] Started
[7809] backup ru.qreal.root concurrent operation: Extract
[7809] 	- arguments: installer://ru.qreal.root/2023.1-6-06676bin.7z, /home/ntyrreuir/TRIKStudio/
[7809] Started
[7809] backup ru.qreal.root concurrent operation: Extract
[7809] 	- arguments: installer://ru.qreal.root/2023.1-6-06676resources.7z, /home/ntyrreuir/TRIKStudio/
[7809] Started
[7809] backup ru.qreal.root.trik.core concurrent operation: Extract
[7809] 	- arguments: installer://ru.qreal.root.trik.core/2023.1-6-06676bin.7z, /home/ntyrreuir/TRIKStudio/
[7809] Started
[7810] backup ru.qreal.root.ev3 concurrent operation: Extract
[7810] 	- arguments: installer://ru.qreal.root.ev3/2023.1-6-06676lib.7z, /home/ntyrreuir/TRIKStudio/
[7810] Started
[7810] backup ru.qreal.root.trik.core concurrent operation: Extract
[7810] 	- arguments: installer://ru.qreal.root.trik.core/2023.1-6-06676lib.7z, /home/ntyrreuir/TRIKStudio/
[7810] Started
[7811] backup ru.qreal.root.trik.gamepad concurrent operation: Extract
[7811] 	- arguments: installer://ru.qreal.root.trik.gamepad/2023.1-6-06676lib.7z, /home/ntyrreuir/TRIKStudio/
[7811] Started
[7811] backup ru.qreal.root.trik.core.v62 concurrent operation: Extract
[7811] 	- arguments: installer://ru.qreal.root.trik.core.v62/2023.1-6-06676lib.7z, /home/ntyrreuir/TRIKStudio/
[7811] Started
[7812] backup ru.qreal.root.ev3.examples concurrent operation: Extract
[7812] 	- arguments: installer://ru.qreal.root.ev3.examples/2023.1-6-06676resources.7z, /home/ntyrreuir/TRIKStudio/
[7812] Started
[7812] backup ru.qreal.root.pioneer.examples concurrent operation: Extract
[7812] 	- arguments: installer://ru.qreal.root.pioneer.examples/2023.1-6-06676resources.7z, /home/ntyrreuir/TRIKStudio/
[7812] Started
[7813] backup ru.qreal.root.languages.french concurrent operation: Extract
[7813] 	- arguments: installer://ru.qreal.root.languages.french/2023.1-6-06676resources.7z, /home/ntyrreuir/TRIKStudio/
[7813] Started
[7813] backup ru.qreal.root.languages.russian concurrent operation: Extract
[7813] 	- arguments: installer://ru.qreal.root.languages.russian/2023.1-6-06676resources.7z, /home/ntyrreuir/TRIKStudio/
[7813] Started
[7814] backup ru.qreal.root.trik.python concurrent operation: Extract
[7814] 	- arguments: installer://ru.qreal.root.trik.python/2023.1-6-06676lib.7z, /home/ntyrreuir/TRIKStudio/
[7814] Started
[10719] Unpacking components...
[10720] perform ru.qreal.root concurrent operation: Extract
[10720] 	- arguments: installer://ru.qreal.root/2023.1-6-06676lib.7z, /home/ntyrreuir/TRIKStudio/
[10720] Started
[10720] perform ru.qreal.root.trik.core concurrent operation: Extract
[10720] 	- arguments: installer://ru.qreal.root.trik.core/2023.1-6-06676lib.7z, /home/ntyrreuir/TRIKStudio/
[10720] Started
[10720] perform ru.qreal.root.trik_studio_kernel concurrent operation: Extract
[10720] 	- arguments: installer://ru.qreal.root.trik_studio_kernel/2023.1-6-06676lib.7z, /home/ntyrreuir/TRIKStudio/
[10720] Started
[10721] perform ru.qreal.root.trik_studio_kernel concurrent operation: Extract
[10721] 	- arguments: installer://ru.qreal.root.trik_studio_kernel/2023.1-6-06676resources.7z, /home/ntyrreuir/TRIKStudio/
[10721] Started
[10721] perform ru.qreal.root concurrent operation: Extract
[10721] 	- arguments: installer://ru.qreal.root/2023.1-6-06676bin.7z, /home/ntyrreuir/TRIKStudio/
[10721] Started
[10721] perform ru.qreal.root.ev3 concurrent operation: Extract
[10721] 	- arguments: installer://ru.qreal.root.ev3/2023.1-6-06676lib.7z, /home/ntyrreuir/TRIKStudio/
[10721] Started
[10721] perform ru.qreal.root.trik.examples concurrent operation: Extract
[10721] 	- arguments: installer://ru.qreal.root.trik.examples/2023.1-6-06676resources.7z, /home/ntyrreuir/TRIKStudio/
[10721] Started
[10721] perform ru.qreal.root.pioneer concurrent operation: Extract
[10721] 	- arguments: installer://ru.qreal.root.pioneer/2023.1-6-06676lib.7z, /home/ntyrreuir/TRIKStudio/
[10721] Started
[10721] perform ru.qreal.root.trik.core concurrent operation: Extract
[10721] 	- arguments: installer://ru.qreal.root.trik.core/2023.1-6-06676bin.7z, /home/ntyrreuir/TRIKStudio/
[10721] Started
[10721] perform ru.qreal.root.trik.gamepad concurrent operation: Extract
[10721] 	- arguments: installer://ru.qreal.root.trik.gamepad/2023.1-6-06676bin.7z, /home/ntyrreuir/TRIKStudio/
[10721] Started
[10721] perform ru.qreal.root.trik.python concurrent operation: Extract
[10721] 	- arguments: installer://ru.qreal.root.trik.python/2023.1-6-06676lib.7z, /home/ntyrreuir/TRIKStudio/
[10721] Started
[10721] perform ru.qreal.root.pioneer.examples concurrent operation: Extract
[10721] 	- arguments: installer://ru.qreal.root.pioneer.examples/2023.1-6-06676resources.7z, /home/ntyrreuir/TRIKStudio/
[10721] Started
[10742] perform ru.qreal.root.ev3.examples concurrent operation: Extract
[10742] 	- arguments: installer://ru.qreal.root.ev3.examples/2023.1-6-06676resources.7z, /home/ntyrreuir/TRIKStudio/
[10742] Started
[10795] perform ru.qreal.root.trik.gamepad concurrent operation: Extract
[10795] 	- arguments: installer://ru.qreal.root.trik.gamepad/2023.1-6-06676lib.7z, /home/ntyrreuir/TRIKStudio/
[10795] Started
[10803] perform ru.qreal.root.trik.core.v62 concurrent operation: Extract
[10803] 	- arguments: installer://ru.qreal.root.trik.core.v62/2023.1-6-06676lib.7z, /home/ntyrreuir/TRIKStudio/
[10803] Started
[10804] perform ru.qreal.root.languages.russian concurrent operation: Extract
[10804] 	- arguments: installer://ru.qreal.root.languages.russian/2023.1-6-06676resources.7z, /home/ntyrreuir/TRIKStudio/
[10804] Started
[10806] perform ru.qreal.root.languages.french concurrent operation: Extract
[10806] 	- arguments: installer://ru.qreal.root.languages.french/2023.1-6-06676resources.7z, /home/ntyrreuir/TRIKStudio/
[10806] Started
[10813] perform ru.qreal.root concurrent operation: Extract
[10813] 	- arguments: installer://ru.qreal.root/2023.1-6-06676resources.7z, /home/ntyrreuir/TRIKStudio/
[10813] Started
[10815] perform ru.qreal.root.trik_studio_kernel concurrent operation: Extract
[10815] 	- arguments: installer://ru.qreal.root.trik_studio_kernel/2023.1-6-06676bin.7z, /home/ntyrreuir/TRIKStudio/
[10815] Started
[10815] perform ru.qreal.root concurrent operation: Extract
[10815] 	- arguments: installer://ru.qreal.root/2023.1-6-06676content.7z, /home/ntyrreuir/TRIKStudio/
[10815] Started
[14097] Installing component TRIK Studio
[14099] backup ru.qreal.root operation: Execute
[14099] 	- arguments: bash, -c, LD_LIBRARY_PATH=/home/ntyrreuir/TRIKStudio/ /home/ntyrreuir/TRIKStudio//trik-studio --platform minimal --clear-conf
[14099] Done
[14100] perform ru.qreal.root operation: Execute
[14100] 	- arguments: bash, -c, LD_LIBRARY_PATH=/home/ntyrreuir/TRIKStudio/ /home/ntyrreuir/TRIKStudio//trik-studio --platform minimal --clear-conf
[14101] bash" started, arguments: "-c LD_LIBRARY_PATH=/home/ntyrreuir/TRIKStudio/ /home/ntyrreuir/TRIKStudio//trik-studio --platform minimal --clear-conf
[14174] Warning: Warning: Ignoring XDG_SESSION_TYPE=wayland on Gnome. Use QT_QPA_PLATFORM=wayland to run on Wayland anyway.

[14174] Done
[14178] backup ru.qreal.root operation: License
[14178] 	- arguments:
[14178] Done
[14178] perform ru.qreal.root operation: License
[14178] 	- arguments:
[14179] Done
[14180] Installing component Kernel components
[14184] backup ru.qreal.root.trik_studio_kernel operation: License
[14184] 	- arguments:
[14184] Done
[14184] perform ru.qreal.root.trik_studio_kernel operation: License
[14184] 	- arguments:
[14184] Done
[14188] Installing component Lego EV3 Support
[14190] backup ru.qreal.root.ev3 operation: License
[14190] 	- arguments:
[14190] Done
[14190] perform ru.qreal.root.ev3 operation: License
[14190] 	- arguments:
[14191] Done
[14198] Installing component Core TRIK support components
[14199] backup ru.qreal.root.trik.core operation: License
[14199] 	- arguments:
[14199] Done
[14200] perform ru.qreal.root.trik.core operation: License
[14200] 	- arguments:
[14200] Done
[14272] Writing maintenance tool: "/home/ntyrreuir/TRIKStudio//maintenance.new"
[14272] Writing maintenance tool.
[14414] Wrote permissions for maintenance tool.
[14430] Maintenance tool hard restart: false.
[14431] Installation finished!
[15329] Control script callback "FinishedPageCallback" does not exist.
[16420] starting "bash" QList("/home/ntyrreuir/TRIKStudio//trik-studio")
